{
  "RSpec": {
    "coverage": {
      "/home/visrut/dev/fat_free_crm/app/models/users/ability.rb": {
        "lines": [
          null,
          null,
          null,
          null,
          null,
          null,
          null,
          null,
          null,
          1,
          1,
          null,
          1,
          null,
          1033,
          null,
          1033,
          1031,
          null,
          null,
          1031,
          null,
          null,
          1031,
          1031,
          1031,
          1031,
          null,
          null,
          1031,
          1031,
          1031,
          null,
          null,
          null,
          null,
          null,
          null,
          1031,
          28,
          null,
          null,
          1003,
          1003,
          null,
          1003,
          10,
          null,
          null,
          6018,
          1003,
          20,
          null,
          null,
          null,
          null,
          null,
          null,
          1,
          null
        ]
      },
      "/home/visrut/dev/fat_free_crm/app/controllers/admin/groups_controller.rb": {
        "lines": [
          null,
          null,
          null,
          null,
          null,
          null,
          null,
          1,
          1,
          null,
          1,
          null,
          null,
          null,
          1,
          1,
          null,
          null,
          null,
          null,
          1,
          0,
          null,
          null,
          null,
          null,
          1,
          1,
          null,
          null,
          null,
          null,
          1,
          0,
          null,
          null,
          null,
          null,
          1,
          1,
          1,
          null,
          1,
          null,
          null,
          null,
          null,
          1,
          0,
          null,
          0,
          null,
          null,
          null,
          null,
          1,
          0,
          null,
          0,
          null,
          null,
          1,
          null,
          1,
          2,
          null,
          null,
          1,
          1,
          null,
          null
        ]
      },
      "/home/visrut/dev/fat_free_crm/app/controllers/admin/application_controller.rb": {
        "lines": [
          null,
          null,
          null,
          null,
          null,
          null,
          null,
          1,
          1,
          null,
          1,
          1,
          null,
          null,
          null,
          1,
          3,
          3,
          3,
          null,
          null,
          1,
          null,
          null,
          1,
          30,
          30,
          0,
          0,
          null,
          null,
          null
        ]
      },
      "/home/visrut/dev/fat_free_crm/app/controllers/application_controller.rb": {
        "lines": [
          null,
          null,
          null,
          null,
          null,
          null,
          null,
          1,
          1,
          null,
          1,
          1,
          1,
          1,
          1,
          1,
          868,
          731,
          1,
          null,
          1,
          1,
          null,
          1,
          1,
          1,
          1,
          null,
          1,
          1,
          null,
          1,
          null,
          null,
          null,
          1,
          33,
          33,
          33,
          33,
          33,
          null,
          0,
          null,
          null,
          33,
          33,
          48,
          33,
          18,
          null,
          20,
          20,
          null,
          null,
          18,
          null,
          null,
          null,
          null,
          null,
          null,
          null,
          1,
          0,
          0,
          0,
          null,
          0,
          null,
          null,
          null,
          1,
          null,
          null,
          null,
          null,
          null,
          null,
          null,
          1,
          0,
          null,
          null,
          null,
          null,
          null,
          null,
          null,
          1,
          39,
          5,
          null,
          4,
          4,
          4,
          2,
          null,
          2,
          null,
          null,
          null,
          null,
          1,
          209,
          null,
          null,
          null,
          1,
          867,
          null,
          null,
          null,
          1,
          869,
          869,
          0,
          867,
          867,
          null,
          null,
          null,
          null,
          1,
          231,
          null,
          null,
          null,
          1,
          0,
          null,
          null,
          null,
          1,
          0,
          0,
          null,
          null,
          null,
          1,
          0,
          null,
          null,
          null,
          1,
          108,
          84,
          null,
          24,
          null,
          null,
          null,
          null,
          1,
          99,
          null,
          null,
          null,
          null,
          1,
          79,
          79,
          null,
          null,
          null,
          1,
          172,
          172,
          null,
          null,
          null,
          null,
          1,
          152,
          24,
          null,
          152,
          null,
          null,
          null,
          1,
          4,
          null,
          null,
          null,
          1,
          104,
          null,
          null,
          null,
          1,
          104,
          null,
          104,
          115,
          188,
          108,
          109,
          null,
          null,
          null,
          null,
          1,
          8,
          8,
          null,
          8,
          8,
          8,
          16,
          8,
          8,
          null,
          null,
          null,
          null,
          1,
          32,
          32,
          44,
          52,
          32,
          32,
          null,
          null,
          null,
          null,
          1,
          null,
          23,
          23,
          null,
          0,
          null,
          null,
          null,
          1,
          730,
          730,
          730,
          730,
          null,
          null,
          1,
          867,
          0,
          0,
          0,
          0,
          null,
          0,
          null,
          null,
          null,
          1,
          30,
          2,
          null,
          null,
          null,
          1,
          115,
          115,
          2727,
          115,
          115,
          null,
          0,
          null,
          null,
          null,
          null,
          null,
          null,
          1,
          74,
          60,
          null,
          59,
          null,
          1,
          null
        ]
      },
      "/home/visrut/dev/fat_free_crm/app/controllers/admin/users_controller.rb": {
        "lines": [
          null,
          null,
          null,
          null,
          null,
          null,
          null,
          1,
          1,
          null,
          1,
          null,
          null,
          null,
          null,
          1,
          3,
          3,
          null,
          null,
          null,
          null,
          null,
          1,
          1,
          null,
          null,
          null,
          null,
          null,
          1,
          1,
          null,
          null,
          null,
          null,
          1,
          3,
          null,
          3,
          null,
          null,
          null,
          null,
          null,
          1,
          1,
          1,
          1,
          null,
          1,
          null,
          null,
          null,
          null,
          null,
          1,
          4,
          4,
          4,
          null,
          4,
          null,
          null,
          null,
          null,
          1,
          1,
          null,
          null,
          null,
          null,
          null,
          1,
          2,
          null,
          2,
          null,
          null,
          null,
          null,
          null,
          null,
          null,
          null,
          null,
          1,
          2,
          null,
          2,
          null,
          null,
          null,
          null,
          null,
          1,
          1,
          null,
          1,
          null,
          null,
          1,
          null,
          1,
          5,
          null,
          4,
          4,
          4,
          null,
          4,
          null,
          null,
          null,
          null,
          null,
          null,
          null,
          null,
          null,
          null,
          null,
          null,
          null,
          null,
          null,
          null,
          null,
          null,
          null,
          null,
          1,
          null,
          null,
          1,
          3,
          3,
          null,
          3,
          3,
          null,
          3,
          3,
          3,
          3,
          3,
          3,
          null,
          null,
          1,
          4,
          null,
          null
        ]
      },
      "/home/visrut/dev/fat_free_crm/app/controllers/comments_controller.rb": {
        "lines": [
          null,
          null,
          null,
          null,
          null,
          null,
          null,
          1,
          null,
          null,
          null,
          null,
          1,
          30,
          30,
          30,
          15,
          null,
          15,
          20,
          null,
          null,
          15,
          15,
          20,
          20,
          20,
          null,
          null,
          null,
          null,
          null,
          1,
          5,
          null,
          5,
          5,
          5,
          null,
          null,
          null,
          null,
          null,
          null,
          1,
          11,
          null,
          null,
          null,
          11,
          11,
          11,
          11,
          11,
          null,
          0,
          null,
          null,
          null,
          null,
          null,
          null,
          null,
          1,
          0,
          0,
          0,
          null,
          null,
          null,
          null,
          null,
          null,
          1,
          5,
          5,
          5,
          null,
          null,
          1,
          null,
          1,
          11,
          null,
          6,
          null,
          null,
          null,
          null,
          null,
          null,
          null,
          null,
          null,
          null,
          1,
          null,
          null,
          1,
          60,
          null,
          null,
          1,
          null
        ]
      },
      "/home/visrut/dev/fat_free_crm/app/controllers/emails_controller.rb": {
        "lines": [
          null,
          null,
          null,
          null,
          null,
          null,
          null,
          1,
          null,
          null,
          null,
          null,
          1,
          5,
          5,
          5,
          null,
          null,
          1,
          null
        ]
      },
      "/home/visrut/dev/fat_free_crm/app/controllers/entities/accounts_controller.rb": {
        "lines": [
          null,
          null,
          null,
          null,
          null,
          null,
          null,
          1,
          1,
          null,
          null,
          null,
          1,
          20,
          null,
          20,
          20,
          20,
          null,
          null,
          null,
          null,
          null,
          null,
          1,
          8,
          8,
          8,
          8,
          null,
          null,
          null,
          null,
          1,
          4,
          null,
          4,
          1,
          1,
          null,
          null,
          4,
          null,
          null,
          null,
          null,
          1,
          5,
          null,
          5,
          null,
          null,
          null,
          null,
          1,
          6,
          6,
          6,
          5,
          null,
          null,
          5,
          5,
          null,
          null,
          null,
          null,
          null,
          null,
          1,
          5,
          null,
          5,
          5,
          null,
          null,
          null,
          null,
          null,
          1,
          6,
          null,
          6,
          8,
          10,
          null,
          null,
          null,
          null,
          null,
          null,
          null,
          null,
          null,
          null,
          null,
          null,
          null,
          null,
          null,
          null,
          null,
          1,
          3,
          3,
          3,
          3,
          null,
          3,
          6,
          null,
          null,
          null,
          null,
          null,
          1,
          2,
          2,
          null,
          2,
          4,
          null,
          null,
          null,
          1,
          null,
          null,
          1,
          null,
          null,
          1,
          33,
          null,
          null,
          null,
          1,
          6,
          4,
          4,
          4,
          3,
          3,
          null,
          null,
          null,
          2,
          2,
          2,
          null,
          null,
          null,
          null,
          1,
          33,
          null,
          198,
          null,
          null,
          33,
          33,
          33,
          null,
          null,
          1,
          null
        ]
      },
      "/home/visrut/dev/fat_free_crm/app/controllers/entities_controller.rb": {
        "lines": [
          null,
          null,
          null,
          null,
          null,
          null,
          null,
          1,
          1,
          1,
          null,
          1,
          1,
          null,
          1,
          null,
          1,
          null,
          1,
          null,
          null,
          null,
          1,
          49,
          33,
          33,
          null,
          33,
          null,
          null,
          null,
          null,
          1,
          20,
          10,
          10,
          null,
          10,
          null,
          null,
          null,
          null,
          1,
          0,
          0,
          null,
          0,
          0,
          null,
          null,
          null,
          null,
          null,
          1,
          0,
          0,
          null,
          0,
          0,
          null,
          null,
          null,
          null,
          null,
          1,
          null,
          null,
          null,
          null,
          1,
          null,
          null,
          null,
          null,
          1,
          null,
          null,
          null,
          null,
          1,
          null,
          null,
          null,
          1,
          4,
          2,
          0,
          0,
          null,
          null,
          4,
          null,
          null,
          1,
          null,
          null,
          1,
          0,
          null,
          null,
          null,
          1,
          166,
          null,
          null,
          null,
          1,
          0,
          null,
          null,
          null,
          1,
          151,
          null,
          null,
          1,
          115,
          115,
          115,
          115,
          null,
          null,
          null,
          1,
          340,
          null,
          null,
          1,
          null,
          1,
          151,
          151,
          151,
          null,
          null,
          null,
          null,
          1,
          151,
          151,
          151,
          151,
          151,
          151,
          null,
          151,
          null,
          null,
          151,
          151,
          151,
          null,
          null,
          151,
          151,
          null,
          null,
          151,
          151,
          151,
          null,
          null,
          151,
          null,
          null,
          151,
          151,
          15,
          null,
          136,
          null,
          151,
          null,
          null,
          151,
          null,
          151,
          null,
          null,
          null,
          1,
          119,
          null,
          null,
          null,
          1,
          37,
          null,
          null,
          null,
          null,
          null,
          null,
          null,
          1,
          158,
          null,
          27,
          27,
          27,
          1,
          null,
          26,
          46,
          8,
          null,
          38,
          null,
          null,
          null,
          27,
          null,
          null,
          null,
          1,
          35,
          null,
          null,
          null,
          null,
          1,
          171,
          11,
          11,
          11,
          null,
          null,
          null,
          1,
          161,
          161,
          null,
          null,
          1,
          97,
          97,
          null,
          null,
          1,
          7,
          null,
          5,
          1,
          null,
          4,
          null,
          null,
          null,
          1,
          null
        ]
      },
      "/home/visrut/dev/fat_free_crm/app/controllers/entities/campaigns_controller.rb": {
        "lines": [
          null,
          null,
          null,
          null,
          null,
          null,
          null,
          1,
          1,
          null,
          null,
          null,
          1,
          19,
          null,
          19,
          19,
          19,
          null,
          null,
          null,
          null,
          null,
          null,
          null,
          null,
          null,
          null,
          null,
          1,
          7,
          7,
          5,
          5,
          5,
          null,
          null,
          7,
          0,
          0,
          0,
          null,
          null,
          7,
          0,
          0,
          null,
          null,
          7,
          0,
          null,
          null,
          7,
          0,
          0,
          null,
          null,
          7,
          0,
          0,
          null,
          null,
          null,
          null,
          null,
          null,
          null,
          null,
          1,
          4,
          null,
          4,
          1,
          1,
          1,
          null,
          0,
          null,
          null,
          null,
          4,
          null,
          null,
          null,
          null,
          1,
          5,
          null,
          5,
          null,
          null,
          null,
          null,
          1,
          6,
          null,
          6,
          6,
          5,
          5,
          5,
          null,
          null,
          null,
          null,
          null,
          null,
          1,
          5,
          null,
          5,
          5,
          null,
          null,
          null,
          null,
          null,
          1,
          6,
          null,
          6,
          8,
          10,
          null,
          null,
          null,
          null,
          null,
          null,
          null,
          null,
          null,
          null,
          null,
          null,
          null,
          null,
          null,
          null,
          null,
          1,
          3,
          3,
          3,
          3,
          null,
          3,
          6,
          null,
          null,
          null,
          null,
          null,
          1,
          2,
          2,
          null,
          2,
          4,
          null,
          null,
          null,
          1,
          null,
          null,
          1,
          null,
          null,
          1,
          32,
          null,
          null,
          null,
          1,
          6,
          4,
          4,
          4,
          3,
          3,
          null,
          null,
          null,
          2,
          2,
          2,
          null,
          null,
          null,
          null,
          1,
          29,
          null,
          null,
          null,
          29,
          145,
          null,
          null,
          29,
          29,
          30,
          30,
          null,
          29,
          null,
          null,
          1,
          null
        ]
      },
      "/home/visrut/dev/fat_free_crm/app/controllers/entities/contacts_controller.rb": {
        "lines": [
          null,
          null,
          null,
          null,
          null,
          null,
          null,
          1,
          1,
          null,
          null,
          null,
          1,
          17,
          null,
          17,
          17,
          17,
          null,
          null,
          null,
          null,
          null,
          null,
          1,
          7,
          7,
          7,
          7,
          null,
          null,
          null,
          null,
          1,
          6,
          6,
          null,
          6,
          3,
          3,
          1,
          null,
          2,
          null,
          null,
          null,
          4,
          null,
          null,
          null,
          null,
          1,
          6,
          6,
          null,
          6,
          null,
          null,
          null,
          null,
          1,
          9,
          9,
          9,
          5,
          5,
          null,
          4,
          4,
          null,
          null,
          null,
          null,
          null,
          null,
          1,
          7,
          7,
          null,
          null,
          null,
          null,
          null,
          1,
          6,
          null,
          6,
          8,
          10,
          null,
          null,
          null,
          null,
          null,
          null,
          null,
          null,
          null,
          null,
          null,
          null,
          null,
          null,
          null,
          null,
          null,
          1,
          4,
          null,
          null,
          4,
          4,
          4,
          null,
          4,
          3,
          3,
          null,
          null,
          4,
          4,
          null,
          4,
          8,
          null,
          null,
          null,
          1,
          null,
          null,
          1,
          null,
          null,
          1,
          24,
          null,
          null,
          null,
          1,
          28,
          null,
          null,
          1,
          21,
          21,
          null,
          null,
          null,
          1,
          6,
          4,
          2,
          2,
          2,
          2,
          null,
          null,
          2,
          null,
          null,
          null,
          2,
          2,
          2,
          null,
          null,
          null,
          1,
          null
        ]
      },
      "/home/visrut/dev/fat_free_crm/app/controllers/entities/leads_controller.rb": {
        "lines": [
          null,
          null,
          null,
          null,
          null,
          null,
          null,
          1,
          1,
          1,
          null,
          null,
          null,
          1,
          19,
          null,
          19,
          19,
          19,
          null,
          null,
          null,
          null,
          null,
          null,
          1,
          7,
          7,
          7,
          null,
          null,
          null,
          null,
          1,
          6,
          6,
          null,
          6,
          3,
          3,
          1,
          null,
          2,
          null,
          null,
          null,
          4,
          null,
          null,
          null,
          null,
          1,
          5,
          null,
          5,
          null,
          5,
          null,
          null,
          null,
          null,
          1,
          8,
          8,
          null,
          8,
          8,
          7,
          7,
          3,
          3,
          null,
          4,
          null,
          null,
          null,
          null,
          null,
          null,
          null,
          1,
          12,
          null,
          12,
          12,
          11,
          null,
          1,
          null,
          null,
          null,
          null,
          null,
          null,
          1,
          8,
          null,
          8,
          10,
          14,
          null,
          null,
          null,
          null,
          null,
          1,
          3,
          3,
          3,
          null,
          3,
          null,
          3,
          null,
          null,
          null,
          null,
          1,
          6,
          6,
          6,
          null,
          6,
          6,
          5,
          5,
          null,
          1,
          1,
          null,
          null,
          null,
          null,
          null,
          null,
          1,
          4,
          4,
          null,
          4,
          4,
          1,
          1,
          null,
          null,
          null,
          null,
          null,
          null,
          null,
          null,
          null,
          null,
          null,
          null,
          null,
          null,
          null,
          null,
          null,
          null,
          1,
          4,
          null,
          null,
          4,
          4,
          4,
          null,
          4,
          3,
          3,
          null,
          null,
          4,
          4,
          null,
          4,
          8,
          null,
          null,
          null,
          null,
          null,
          1,
          2,
          2,
          null,
          2,
          4,
          null,
          null,
          null,
          1,
          null,
          null,
          1,
          null,
          null,
          1,
          30,
          null,
          null,
          null,
          1,
          19,
          null,
          null,
          1,
          23,
          23,
          null,
          null,
          null,
          1,
          8,
          6,
          3,
          3,
          3,
          null,
          null,
          2,
          2,
          null,
          null,
          null,
          null,
          3,
          3,
          null,
          null,
          2,
          2,
          2,
          null,
          null,
          null,
          null,
          1,
          49,
          21,
          null,
          28,
          null,
          null,
          null,
          null,
          28,
          112,
          null,
          null,
          28,
          28,
          30,
          30,
          null,
          null,
          28,
          null,
          null,
          null,
          null,
          1,
          20,
          3,
          null,
          17,
          null,
          null,
          null,
          1,
          null
        ]
      },
      "/home/visrut/dev/fat_free_crm/app/controllers/entities/opportunities_controller.rb": {
        "lines": [
          null,
          null,
          null,
          null,
          null,
          null,
          null,
          1,
          1,
          1,
          1,
          null,
          null,
          null,
          1,
          22,
          null,
          22,
          22,
          22,
          null,
          null,
          null,
          null,
          null,
          null,
          1,
          8,
          8,
          8,
          null,
          null,
          null,
          null,
          1,
          6,
          6,
          6,
          null,
          6,
          3,
          3,
          1,
          1,
          1,
          null,
          2,
          null,
          null,
          null,
          4,
          null,
          null,
          null,
          null,
          1,
          5,
          5,
          null,
          5,
          null,
          5,
          null,
          null,
          null,
          null,
          1,
          16,
          16,
          16,
          12,
          12,
          3,
          3,
          9,
          1,
          8,
          2,
          null,
          null,
          4,
          4,
          4,
          4,
          null,
          null,
          null,
          null,
          null,
          null,
          1,
          18,
          18,
          16,
          1,
          15,
          2,
          13,
          2,
          null,
          null,
          2,
          2,
          2,
          null,
          0,
          null,
          null,
          null,
          null,
          null,
          null,
          null,
          1,
          9,
          2,
          7,
          1,
          null,
          9,
          null,
          9,
          11,
          16,
          null,
          null,
          null,
          null,
          null,
          null,
          null,
          null,
          null,
          null,
          null,
          null,
          null,
          null,
          null,
          null,
          null,
          1,
          4,
          4,
          null,
          4,
          8,
          null,
          null,
          null,
          null,
          null,
          1,
          2,
          2,
          4,
          null,
          null,
          null,
          1,
          null,
          1,
          32,
          null,
          null,
          null,
          1,
          null,
          null,
          1,
          32,
          null,
          null,
          null,
          1,
          9,
          7,
          3,
          3,
          3,
          3,
          3,
          null,
          null,
          4,
          null,
          null,
          null,
          2,
          2,
          2,
          null,
          null,
          null,
          null,
          1,
          36,
          7,
          null,
          29,
          null,
          null,
          null,
          29,
          29,
          232,
          232,
          null,
          null,
          29,
          29,
          28,
          28,
          null,
          29,
          null,
          null,
          null,
          null,
          1,
          103,
          null,
          null,
          null,
          1,
          28,
          28,
          28,
          null,
          null,
          1,
          null
        ]
      },
      "/home/visrut/dev/fat_free_crm/app/controllers/home_controller.rb": {
        "lines": [
          null,
          null,
          null,
          null,
          null,
          null,
          null,
          1,
          1,
          1,
          null,
          null,
          1,
          31,
          31,
          31,
          31,
          31,
          31,
          null,
          null,
          null,
          null,
          null,
          1,
          2,
          1,
          1,
          1,
          1,
          1,
          null,
          null,
          null,
          null,
          null,
          1,
          1,
          1,
          1,
          1,
          1,
          null,
          1,
          2,
          null,
          null,
          null,
          null,
          null,
          1,
          16,
          16,
          16,
          1,
          null,
          15,
          null,
          null,
          16,
          null,
          null,
          null,
          null,
          1,
          6,
          6,
          5,
          2,
          2,
          2,
          2,
          null,
          null,
          3,
          3,
          3,
          null,
          null,
          null,
          6,
          null,
          null,
          null,
          null,
          1,
          null,
          null,
          null,
          null,
          34,
          34,
          34,
          null,
          34,
          null,
          null,
          1,
          null,
          null,
          1,
          29,
          29,
          29,
          29,
          29,
          null,
          29,
          null,
          null,
          null,
          1,
          29,
          29,
          null,
          null,
          1,
          null,
          null,
          null,
          null,
          1,
          29,
          29,
          0,
          null,
          29,
          null,
          null,
          null,
          null,
          null,
          null,
          null,
          1,
          33,
          32,
          null,
          4,
          null,
          4,
          1,
          null,
          3,
          null,
          null,
          4,
          null,
          null,
          1,
          3,
          2,
          4,
          null,
          null,
          1,
          null,
          null,
          null,
          null,
          1,
          29,
          29,
          1,
          1,
          null,
          null,
          null,
          1,
          null
        ]
      },
      "/home/visrut/dev/fat_free_crm/app/controllers/lists_controller.rb": {
        "lines": [
          null,
          null,
          null,
          null,
          null,
          null,
          null,
          1,
          null,
          null,
          1,
          0,
          null,
          null,
          0,
          0,
          null,
          0,
          null,
          null,
          0,
          null,
          null,
          null,
          null,
          1,
          0,
          0,
          null,
          0,
          null,
          null,
          1,
          null,
          1,
          0,
          null,
          null,
          null,
          null,
          null,
          null,
          1,
          null
        ]
      },
      "/home/visrut/dev/fat_free_crm/app/controllers/tasks_controller.rb": {
        "lines": [
          null,
          null,
          null,
          null,
          null,
          null,
          null,
          1,
          1,
          1,
          null,
          null,
          null,
          1,
          17,
          17,
          null,
          17,
          17,
          17,
          20,
          null,
          null,
          null,
          null,
          null,
          1,
          6,
          6,
          null,
          null,
          null,
          null,
          1,
          6,
          6,
          6,
          6,
          null,
          6,
          3,
          3,
          1,
          null,
          2,
          null,
          null,
          null,
          4,
          null,
          null,
          null,
          null,
          1,
          7,
          7,
          5,
          5,
          5,
          null,
          5,
          null,
          5,
          null,
          null,
          null,
          null,
          1,
          8,
          8,
          null,
          8,
          8,
          7,
          null,
          null,
          null,
          null,
          null,
          null,
          1,
          9,
          9,
          7,
          null,
          7,
          0,
          null,
          7,
          null,
          null,
          7,
          7,
          6,
          6,
          5,
          5,
          null,
          null,
          null,
          null,
          null,
          null,
          null,
          1,
          9,
          9,
          7,
          null,
          null,
          7,
          null,
          7,
          7,
          null,
          null,
          null,
          null,
          1,
          5,
          3,
          null,
          null,
          3,
          null,
          3,
          3,
          null,
          null,
          null,
          null,
          1,
          2,
          1,
          null,
          null,
          1,
          null,
          1,
          1,
          null,
          null,
          null,
          null,
          null,
          null,
          null,
          null,
          1,
          7,
          null,
          7,
          7,
          3,
          null,
          4,
          null,
          null,
          null,
          null,
          1,
          null,
          1,
          15,
          null,
          14,
          null,
          null,
          null,
          null,
          null,
          null,
          null,
          null,
          null,
          null,
          null,
          null,
          null,
          null,
          null,
          null,
          null,
          1,
          null,
          null,
          null,
          1,
          25,
          25,
          25,
          25,
          null,
          null,
          null,
          null,
          1,
          35,
          35,
          null,
          null,
          35,
          18,
          18,
          6,
          12,
          12,
          null,
          null,
          null,
          null,
          null,
          35,
          35,
          81,
          15,
          null,
          null,
          null,
          null,
          null,
          1,
          98,
          98,
          98,
          null,
          null,
          1,
          null
        ]
      },
      "/home/visrut/dev/fat_free_crm/app/controllers/users_controller.rb": {
        "lines": [
          null,
          null,
          null,
          null,
          null,
          null,
          null,
          1,
          1,
          null,
          1,
          null,
          1,
          null,
          1,
          null,
          null,
          null,
          null,
          1,
          7,
          7,
          null,
          null,
          null,
          null,
          1,
          2,
          null,
          null,
          null,
          null,
          null,
          1,
          3,
          3,
          3,
          null,
          null,
          null,
          null,
          null,
          1,
          1,
          null,
          null,
          null,
          null,
          null,
          1,
          3,
          1,
          1,
          1,
          null,
          2,
          1,
          1,
          1,
          null,
          0,
          0,
          null,
          null,
          2,
          null,
          null,
          2,
          null,
          null,
          null,
          null,
          null,
          null,
          null,
          1,
          1,
          null,
          null,
          null,
          null,
          null,
          1,
          5,
          3,
          1,
          null,
          2,
          2,
          2,
          2,
          null,
          null,
          2,
          null,
          null,
          5,
          null,
          null,
          null,
          null,
          1,
          0,
          0,
          null,
          null,
          null,
          null,
          1,
          11,
          11,
          null,
          null,
          1,
          null,
          1,
          3,
          null,
          3,
          3,
          null,
          3,
          null,
          null,
          null,
          null,
          null,
          null,
          null,
          null,
          null,
          null,
          null,
          null,
          null,
          null,
          null,
          null,
          1,
          1,
          null,
          1,
          null,
          null,
          null,
          null,
          1,
          null
        ]
      },
      "/home/visrut/dev/fat_free_crm/lib/fat_free_crm/mail_processor/base.rb": {
        "lines": [
          null,
          null,
          null,
          null,
          null,
          null,
          null,
          1,
          1,
          1,
          1,
          1,
          null,
          1,
          1,
          1,
          1,
          null,
          null,
          1,
          43,
          43,
          43,
          null,
          null,
          null,
          null,
          1,
          0,
          0,
          0,
          0,
          0,
          0,
          null,
          null,
          0,
          0,
          0,
          null,
          0,
          0,
          null,
          null,
          null,
          0,
          null,
          0,
          null,
          null,
          null,
          1,
          21,
          21,
          21,
          null,
          19,
          19,
          null,
          null,
          21,
          21,
          null,
          null,
          1,
          null,
          null,
          null,
          1,
          29,
          29,
          28,
          28,
          28,
          28,
          null,
          1,
          1,
          null,
          null,
          null,
          1,
          22,
          22,
          22,
          null,
          22,
          null,
          0,
          null,
          null,
          null,
          null,
          null,
          null,
          1,
          21,
          null,
          21,
          21,
          21,
          19,
          null,
          2,
          null,
          null,
          0,
          0,
          0,
          null,
          0,
          0,
          null,
          null,
          21,
          0,
          0,
          null,
          null,
          null,
          null,
          null,
          null,
          1,
          2,
          0,
          null,
          2,
          2,
          null,
          2,
          null,
          null,
          null,
          null,
          1,
          6,
          0,
          null,
          6,
          6,
          null,
          6,
          null,
          null,
          null,
          1,
          21,
          21,
          21,
          null,
          null,
          null,
          1,
          23,
          23,
          23,
          23,
          null,
          null,
          null,
          1,
          23,
          null,
          null,
          null,
          null,
          20,
          null,
          null,
          null,
          null,
          1,
          10,
          0,
          0,
          null,
          0,
          null,
          null,
          null,
          null,
          1,
          110,
          0,
          0,
          0,
          0,
          null,
          null,
          null,
          null,
          null,
          null,
          1,
          null,
          47,
          3,
          null,
          46,
          46,
          null,
          null,
          95,
          45,
          45,
          null,
          4,
          2,
          2,
          null,
          null,
          null,
          47,
          null,
          null,
          null,
          null,
          1,
          47,
          null,
          null,
          null,
          null,
          null,
          null,
          null,
          null,
          null,
          null
        ]
      },
      "/home/visrut/dev/fat_free_crm/lib/fat_free_crm/mail_processor/comment_replies.rb": {
        "lines": [
          null,
          null,
          null,
          null,
          null,
          null,
          null,
          1,
          null,
          1,
          1,
          1,
          null,
          null,
          1,
          null,
          null,
          null,
          null,
          null,
          null,
          null,
          null,
          null,
          1,
          2,
          2,
          null,
          null,
          1,
          null,
          null,
          null,
          1,
          2,
          2,
          null,
          null,
          null,
          null,
          null,
          1,
          2,
          2,
          2,
          null,
          2,
          1,
          null,
          1,
          1,
          null,
          null,
          null,
          null,
          null,
          null,
          1,
          null,
          2,
          null,
          2,
          2,
          2,
          null,
          null,
          null,
          null,
          null,
          null,
          null,
          null
        ]
      },
      "/home/visrut/dev/fat_free_crm/lib/fat_free_crm/mail_processor/dropbox.rb": {
        "lines": [
          null,
          null,
          null,
          null,
          null,
          null,
          null,
          1,
          null,
          1,
          1,
          1,
          1,
          null,
          null,
          1,
          null,
          null,
          null,
          null,
          26,
          26,
          26,
          null,
          null,
          1,
          null,
          null,
          null,
          1,
          17,
          6,
          6,
          null,
          null,
          11,
          4,
          null,
          null,
          10,
          5,
          null,
          null,
          6,
          3,
          null,
          null,
          3,
          1,
          null,
          null,
          null,
          null,
          null,
          1,
          17,
          17,
          null,
          null,
          null,
          null,
          1,
          15,
          15,
          15,
          null,
          null,
          15,
          15,
          15,
          null,
          null,
          15,
          7,
          null,
          11,
          null,
          null,
          null,
          null,
          1,
          9,
          null,
          null,
          null,
          null,
          1,
          6,
          null,
          6,
          null,
          0,
          null,
          null,
          null,
          6,
          4,
          4,
          0,
          null,
          4,
          null,
          null,
          2,
          null,
          null,
          null,
          6,
          3,
          3,
          null,
          0,
          null,
          null,
          3,
          3,
          3,
          null,
          6,
          null,
          null,
          null,
          1,
          9,
          9,
          27,
          null,
          null,
          27,
          null,
          27,
          5,
          5,
          null,
          null,
          9,
          null,
          null,
          null,
          1,
          4,
          4,
          null,
          null,
          null,
          1,
          null,
          15,
          15,
          null,
          15,
          6,
          null,
          9,
          null,
          null,
          15,
          null,
          null,
          null,
          null,
          null,
          null,
          null,
          null,
          null,
          null,
          null,
          15,
          null,
          15,
          null,
          15,
          4,
          null,
          null,
          null,
          null,
          null,
          null,
          null,
          null,
          null,
          null,
          null,
          4,
          null,
          null,
          null,
          null,
          1,
          3,
          3,
          null,
          null,
          3,
          null,
          null,
          null,
          3,
          null,
          1,
          1,
          null,
          null,
          2,
          2,
          2,
          2,
          null,
          null,
          3,
          1,
          1,
          null,
          null,
          3,
          null,
          null,
          null,
          1,
          4,
          null,
          null,
          4,
          null,
          null,
          null,
          null,
          null,
          null,
          null,
          4,
          4,
          0,
          0,
          null,
          4,
          4,
          null,
          null,
          null,
          null,
          null,
          null,
          4,
          null,
          null,
          null,
          null,
          null,
          1,
          14,
          null,
          null,
          null,
          null,
          1,
          0,
          null,
          null,
          null,
          null,
          null,
          null
        ]
      },
      "/home/visrut/dev/fat_free_crm/app/mailers/devise_mailer.rb": {
        "lines": [
          null,
          null,
          null,
          null,
          null,
          null,
          null,
          1,
          1,
          3442,
          null,
          null
        ]
      },
      "/home/visrut/dev/fat_free_crm/app/mailers/subscription_mailer.rb": {
        "lines": [
          null,
          null,
          null,
          null,
          null,
          null,
          null,
          1,
          1,
          6,
          6,
          6,
          null,
          6,
          6,
          null,
          null,
          6,
          6,
          null,
          6,
          null,
          null,
          null,
          null,
          null,
          1,
          null,
          1,
          6,
          null,
          null,
          6,
          6,
          null,
          null
        ]
      },
      "/home/visrut/dev/fat_free_crm/app/mailers/user_mailer.rb": {
        "lines": [
          null,
          null,
          null,
          null,
          null,
          null,
          null,
          1,
          1,
          20,
          20,
          20,
          20,
          20,
          null,
          null,
          null,
          null,
          1,
          null,
          1,
          20,
          null,
          null
        ]
      },
      "/home/visrut/dev/fat_free_crm/app/models/entities/account_contact.rb": {
        "lines": [
          null,
          null,
          null,
          null,
          null,
          null,
          null,
          null,
          null,
          null,
          null,
          null,
          null,
          null,
          null,
          null,
          null,
          null,
          null,
          1,
          1,
          1,
          null,
          1,
          null,
          null,
          1,
          null,
          1,
          null
        ]
      },
      "/home/visrut/dev/fat_free_crm/app/models/entities/account_opportunity.rb": {
        "lines": [
          null,
          null,
          null,
          null,
          null,
          null,
          null,
          null,
          null,
          null,
          null,
          null,
          null,
          null,
          null,
          null,
          null,
          null,
          null,
          1,
          1,
          1,
          1,
          null,
          1,
          null,
          1,
          null
        ]
      },
      "/home/visrut/dev/fat_free_crm/app/models/entities/campaign.rb": {
        "lines": [
          null,
          null,
          null,
          null,
          null,
          null,
          null,
          null,
          null,
          null,
          null,
          null,
          null,
          null,
          null,
          null,
          null,
          null,
          null,
          null,
          null,
          null,
          null,
          null,
          null,
          null,
          null,
          null,
          null,
          null,
          null,
          null,
          null,
          1,
          1,
          1,
          1,
          54,
          56,
          1,
          null,
          1,
          null,
          1,
          3,
          null,
          11,
          12,
          null,
          8,
          null,
          1,
          1,
          1,
          1,
          1,
          1,
          1,
          1,
          null,
          1,
          1,
          null,
          1,
          1,
          1,
          1,
          5491,
          null,
          null,
          null,
          1,
          49,
          null,
          null,
          null,
          null,
          1,
          20,
          11,
          3,
          null,
          8,
          8,
          8,
          null,
          null,
          null,
          null,
          null,
          null,
          1,
          6,
          2,
          null,
          4,
          4,
          null,
          null,
          null,
          1,
          null,
          null,
          null,
          1,
          812,
          null,
          null,
          null,
          null,
          1,
          812,
          null,
          null,
          1,
          null
        ]
      },
      "/home/visrut/dev/fat_free_crm/app/models/entities/contact_opportunity.rb": {
        "lines": [
          null,
          null,
          null,
          null,
          null,
          null,
          null,
          null,
          null,
          null,
          null,
          null,
          null,
          null,
          null,
          null,
          null,
          null,
          null,
          null,
          1,
          1,
          1,
          1,
          null,
          null,
          null,
          1,
          null
        ]
      },
      "/home/visrut/dev/fat_free_crm/app/models/fields/custom_field_date_pair.rb": {
        "lines": [
          null,
          null,
          null,
          null,
          null,
          null,
          null,
          1,
          null,
          null,
          null,
          1,
          4,
          null,
          4,
          4,
          4,
          1,
          3,
          1,
          2,
          1,
          null,
          1,
          null,
          null,
          null,
          1,
          8,
          null,
          null,
          1,
          6,
          null,
          6,
          4,
          4,
          null,
          4,
          4,
          4,
          null,
          null,
          null,
          1,
          null
        ]
      },
      "/home/visrut/dev/fat_free_crm/app/models/fields/custom_field_pair.rb": {
        "lines": [
          null,
          null,
          null,
          null,
          null,
          null,
          null,
          1,
          1,
          null,
          null,
          null,
          1,
          1,
          1,
          1,
          4,
          1,
          1,
          1,
          1,
          null,
          null,
          null,
          null,
          1,
          1,
          1,
          4,
          1,
          1,
          1,
          1,
          1,
          null,
          null,
          null,
          null,
          1,
          2,
          null,
          null,
          1,
          null
        ]
      },
      "/home/visrut/dev/fat_free_crm/app/models/fields/custom_field.rb": {
        "lines": [
          null,
          null,
          null,
          null,
          null,
          null,
          null,
          null,
          null,
          null,
          null,
          null,
          null,
          null,
          null,
          null,
          null,
          null,
          null,
          null,
          null,
          null,
          null,
          null,
          null,
          null,
          null,
          null,
          null,
          null,
          null,
          null,
          null,
          null,
          null,
          null,
          null,
          null,
          null,
          null,
          null,
          null,
          null,
          null,
          null,
          null,
          null,
          null,
          null,
          null,
          null,
          1,
          1,
          null,
          1,
          1,
          1,
          null,
          null,
          1,
          null,
          null,
          null,
          1,
          2,
          32,
          null,
          null,
          null,
          null,
          null,
          null,
          1,
          8,
          8,
          8,
          8,
          null,
          null,
          1,
          null,
          null,
          null,
          null,
          null,
          null,
          null,
          null,
          null,
          1,
          114,
          38,
          30,
          30,
          null,
          26,
          119,
          null,
          null,
          24,
          null,
          null,
          null,
          null,
          null,
          null,
          1,
          5,
          5,
          16,
          null,
          6,
          null,
          5,
          null,
          null,
          null,
          null,
          1,
          4,
          null,
          null,
          null,
          null,
          1,
          3,
          3,
          3,
          3,
          null,
          null,
          null,
          1,
          3,
          null,
          null,
          null,
          null,
          null,
          null,
          null,
          null,
          1,
          1,
          1,
          1,
          1,
          null,
          null,
          null,
          1,
          null
        ]
      },
      "/home/visrut/dev/fat_free_crm/app/models/fields/field.rb": {
        "lines": [
          null,
          null,
          null,
          null,
          null,
          null,
          null,
          null,
          null,
          null,
          null,
          null,
          null,
          null,
          null,
          null,
          null,
          null,
          null,
          null,
          null,
          null,
          null,
          null,
          null,
          null,
          null,
          null,
          null,
          null,
          1,
          1,
          null,
          1,
          1,
          null,
          1,
          null,
          1,
          1,
          2,
          null,
          1,
          null,
          null,
          1,
          null,
          null,
          null,
          null,
          null,
          null,
          null,
          null,
          null,
          null,
          null,
          null,
          null,
          null,
          null,
          1,
          1,
          1,
          1,
          1,
          1,
          6,
          null,
          1,
          80,
          null,
          null,
          1,
          1,
          1,
          23,
          null,
          null,
          null,
          1,
          0,
          null,
          null,
          1,
          0,
          null,
          null,
          1,
          4,
          null,
          null,
          1,
          4,
          null,
          2,
          null,
          1,
          null,
          0,
          null,
          3,
          null,
          0,
          null,
          null,
          null,
          1,
          null,
          null,
          1,
          93,
          null,
          null,
          null,
          null,
          null,
          1,
          2,
          2,
          null,
          null,
          null,
          null,
          1,
          0,
          null,
          null,
          null,
          1,
          null
        ]
      },
      "/home/visrut/dev/fat_free_crm/app/models/list.rb": {
        "lines": [
          null,
          null,
          null,
          null,
          null,
          null,
          null,
          1,
          1,
          1,
          1,
          null,
          null,
          1,
          3,
          null,
          null,
          1,
          null
        ]
      },
      "/home/visrut/dev/fat_free_crm/app/models/polymorphic/address.rb": {
        "lines": [
          null,
          null,
          null,
          null,
          null,
          null,
          null,
          null,
          null,
          null,
          null,
          null,
          null,
          null,
          null,
          null,
          null,
          null,
          null,
          null,
          null,
          null,
          null,
          null,
          null,
          null,
          null,
          1,
          1,
          null,
          1,
          null,
          1,
          1,
          1,
          null,
          null,
          null,
          1,
          31,
          217,
          null,
          0,
          null,
          null,
          null,
          null,
          null,
          null,
          null,
          null,
          null,
          1,
          9,
          72,
          9,
          9,
          null,
          null,
          1,
          null
        ]
      },
      "/home/visrut/dev/fat_free_crm/app/models/polymorphic/avatar.rb": {
        "lines": [
          null,
          null,
          null,
          null,
          null,
          null,
          null,
          null,
          null,
          null,
          null,
          null,
          null,
          null,
          null,
          null,
          null,
          null,
          null,
          null,
          null,
          null,
          1,
          1,
          1,
          null,
          1,
          null,
          1,
          null
        ]
      },
      "/home/visrut/dev/fat_free_crm/app/models/polymorphic/comment.rb": {
        "lines": [
          null,
          null,
          null,
          null,
          null,
          null,
          null,
          null,
          null,
          null,
          null,
          null,
          null,
          null,
          null,
          null,
          null,
          null,
          null,
          null,
          null,
          null,
          null,
          1,
          1,
          1,
          null,
          4,
          null,
          1,
          1,
          null,
          null,
          1,
          1,
          null,
          1,
          5,
          null,
          null,
          1,
          10,
          null,
          null,
          1,
          null,
          null,
          1,
          68,
          68,
          null,
          null,
          null,
          1,
          134,
          2,
          2,
          null,
          null,
          null,
          null,
          null,
          null,
          1,
          null,
          null,
          66,
          2,
          2,
          null,
          null,
          null,
          null,
          1,
          null
        ]
      },
      "/home/visrut/dev/fat_free_crm/app/models/polymorphic/email.rb": {
        "lines": [
          null,
          null,
          null,
          null,
          null,
          null,
          null,
          null,
          null,
          null,
          null,
          null,
          null,
          null,
          null,
          null,
          null,
          null,
          null,
          null,
          null,
          null,
          null,
          null,
          null,
          null,
          null,
          null,
          null,
          null,
          null,
          1,
          1,
          1,
          null,
          1,
          null,
          null,
          1,
          0,
          null,
          null,
          1,
          0,
          null,
          null,
          1,
          1,
          null,
          null,
          1,
          1,
          null,
          null,
          1,
          null
        ]
      },
      "/home/visrut/dev/fat_free_crm/app/models/users/group.rb": {
        "lines": [
          null,
          null,
          null,
          null,
          null,
          null,
          null,
          1,
          1,
          1,
          null,
          1,
          null,
          1,
          null
        ]
      },
      "/home/visrut/dev/fat_free_crm/app/models/users/permission.rb": {
        "lines": [
          null,
          null,
          null,
          null,
          null,
          null,
          null,
          null,
          null,
          null,
          null,
          null,
          null,
          null,
          null,
          null,
          null,
          null,
          null,
          1,
          1,
          1,
          1,
          null,
          1,
          1,
          null,
          1,
          null,
          1,
          null
        ]
      },
      "/home/visrut/dev/fat_free_crm/app/models/users/preference.rb": {
        "lines": [
          null,
          null,
          null,
          null,
          null,
          null,
          null,
          null,
          null,
          null,
          null,
          null,
          null,
          null,
          null,
          null,
          null,
          null,
          null,
          1,
          1,
          null,
          null,
          1,
          null,
          2005,
          null,
          2004,
          null,
          1508,
          28,
          null,
          null,
          null,
          null,
          1,
          231,
          null,
          70,
          70,
          1,
          null,
          69,
          null,
          70,
          null,
          null,
          1,
          4078,
          null,
          null,
          1,
          null
        ]
      },
      "/home/visrut/dev/fat_free_crm/app/models/polymorphic/tag.rb": {
        "lines": [
          null,
          null,
          null,
          null,
          null,
          null,
          null,
          1,
          1,
          null,
          null,
          1,
          0,
          null,
          null,
          null,
          null,
          1,
          0,
          null,
          null,
          1,
          null
        ]
      },
      "/home/visrut/dev/fat_free_crm/app/controllers/sessions_controller.rb": {
        "lines": [
          null,
          null,
          null,
          null,
          null,
          null,
          null,
          1,
          1,
          1,
          null,
          1,
          0,
          null,
          null
        ]
      },
      "/home/visrut/dev/fat_free_crm/app/controllers/registrations_controller.rb": {
        "lines": [
          null,
          null,
          null,
          null,
          null,
          null,
          null,
          1,
          1,
          1,
          null,
          1,
          0,
          null,
          null,
          1,
          1,
          null,
          null
        ]
      },
      "/home/visrut/dev/fat_free_crm/app/controllers/passwords_controller.rb": {
        "lines": [
          null,
          null,
          null,
          null,
          null,
          null,
          null,
          1,
          1,
          1,
          null
        ]
      },
      "/home/visrut/dev/fat_free_crm/app/controllers/confirmations_controller.rb": {
        "lines": [
          null,
          null,
          null,
          null,
          null,
          null,
          1,
          1,
          1,
          null
        ]
      },
      "/home/visrut/dev/fat_free_crm/app/controllers/admin/field_groups_controller.rb": {
        "lines": [
          null,
          null,
          null,
          null,
          null,
          null,
          null,
          1,
          1,
          null,
          null,
          null,
          null,
          1,
          0,
          null,
          0,
          null,
          null,
          null,
          null,
          1,
          0,
          null,
          0,
          null,
          null,
          null,
          null,
          null,
          1,
          0,
          null,
          0,
          null,
          null,
          null,
          null,
          null,
          1,
          0,
          0,
          null,
          0,
          null,
          null,
          null,
          null,
          null,
          1,
          0,
          0,
          null,
          0,
          null,
          null,
          null,
          null,
          1,
          0,
          0,
          null,
          0,
          0,
          null,
          null,
          0,
          null,
          null,
          null,
          null,
          1,
          0,
          null,
          null,
          1,
          null,
          1,
          0,
          null,
          null,
          null,
          null,
          null,
          null,
          null,
          null,
          null
        ]
      },
      "/home/visrut/dev/fat_free_crm/app/controllers/admin/fields_controller.rb": {
        "lines": [
          null,
          null,
          null,
          null,
          null,
          null,
          null,
          0,
          0,
          0,
          null,
          null,
          null,
          null,
          0,
          0,
          null,
          null,
          null,
          null,
          0,
          0,
          0,
          null,
          null,
          null,
          null,
          0,
          0,
          0,
          0,
          null,
          null,
          null,
          0,
          0,
          0,
          0,
          null,
          null,
          null,
          null,
          0,
          0,
          0,
          0,
          0,
          0,
          0,
          0,
          0,
          0,
          0,
          null,
          0,
          0,
          null,
          null,
          null,
          null,
          0,
          0,
          0,
          0,
          0,
          0,
          0,
          null,
          0,
          0,
          null,
          null,
          null,
          null,
          0,
          0,
          0,
          null,
          0,
          0,
          null,
          null,
          null,
          0,
          0,
          0,
          null,
          0,
          0,
          0,
          null,
          0,
          0,
          null,
          null,
          null,
          0,
          0,
          0,
          null,
          0,
          0,
          0,
          0,
          0,
          0,
          0,
          null,
          0,
          0,
          0,
          0,
          null,
          0,
          null,
          0,
          0,
          0,
          null,
          0,
          0,
          0,
          0
        ],
        "branches": {
        }
      },
      "/home/visrut/dev/fat_free_crm/app/controllers/admin/plugins_controller.rb": {
        "lines": [
          null,
          null,
          null,
          null,
          null,
          null,
          null,
          0,
          0,
          null,
          null,
          null,
          null,
          0,
          0,
          null,
          0,
          0,
          null,
          0,
          null,
          0,
          0,
          0,
          0
        ],
        "branches": {
        }
      },
      "/home/visrut/dev/fat_free_crm/app/controllers/admin/settings_controller.rb": {
        "lines": [
          null,
          null,
          null,
          null,
          null,
          null,
          null,
          0,
          0,
          null,
          null,
          null,
          null,
          0,
          0,
          null,
          0,
          0,
          0,
          0
        ],
        "branches": {
        }
      },
      "/home/visrut/dev/fat_free_crm/app/controllers/admin/tags_controller.rb": {
        "lines": [
          null,
          null,
          null,
          null,
          null,
          null,
          null,
          0,
          0,
          null,
          0,
          null,
          null,
          null,
          null,
          0,
          0,
          0,
          0,
          null,
          null,
          null,
          null,
          0,
          0,
          0,
          null,
          null,
          null,
          0,
          0,
          0,
          null,
          null,
          null,
          null,
          0,
          0,
          null,
          0,
          0,
          null,
          null,
          null,
          null,
          0,
          0,
          null,
          0,
          0,
          null,
          null,
          null,
          null,
          0,
          0,
          null,
          0,
          0,
          null,
          null,
          null,
          0,
          0,
          null,
          0,
          null,
          0,
          0,
          0,
          null,
          0,
          0,
          0,
          0
        ],
        "branches": {
        }
      },
      "/home/visrut/dev/fat_free_crm/app/helpers/accounts_helper.rb": {
        "lines": [
          null,
          null,
          null,
          null,
          null,
          null,
          null,
          0,
          null,
          null,
          0,
          0,
          0,
          null,
          null,
          null,
          0,
          0,
          0,
          0,
          0,
          0,
          0,
          null,
          null,
          null,
          null,
          0,
          0,
          0,
          0,
          0,
          0,
          0,
          0,
          0,
          null,
          null,
          null,
          0,
          0,
          0,
          null,
          0,
          0,
          0,
          0,
          0,
          0,
          0,
          0,
          0,
          0,
          0,
          0,
          0,
          null,
          null,
          null,
          null,
          0,
          0,
          0,
          null,
          null,
          null,
          null,
          0,
          0,
          null,
          0,
          0,
          0,
          0,
          0,
          0,
          0,
          0,
          0,
          0,
          0,
          null,
          null,
          null,
          null,
          0,
          0,
          0,
          0,
          0,
          0,
          0,
          null,
          0,
          0,
          0,
          0,
          0,
          0,
          0,
          0,
          0,
          0,
          0,
          0,
          0,
          null,
          null,
          null,
          0,
          0,
          null,
          0,
          0,
          null,
          0,
          0,
          null,
          0,
          0,
          0
        ],
        "branches": {
        }
      },
      "/home/visrut/dev/fat_free_crm/app/helpers/addresses_helper.rb": {
        "lines": [
          null,
          null,
          null,
          null,
          null,
          null,
          null,
          0,
          null,
          null,
          0,
          0,
          0,
          0,
          null,
          0,
          0,
          0,
          0
        ],
        "branches": {
        }
      },
      "/home/visrut/dev/fat_free_crm/app/helpers/admin/application_helper.rb": {
        "lines": [
          null,
          null,
          null,
          null,
          null,
          null,
          null,
          0,
          null,
          0,
          0,
          0,
          0,
          0,
          0,
          0
        ],
        "branches": {
        }
      },
      "/home/visrut/dev/fat_free_crm/app/helpers/admin/field_groups_helper.rb": {
        "lines": [
          null,
          null,
          null,
          null,
          null,
          null,
          null,
          0,
          0,
          null,
          0,
          0,
          0,
          0,
          0,
          0,
          0,
          0,
          0,
          0,
          0,
          0,
          null,
          0,
          0,
          0,
          0
        ],
        "branches": {
        }
      },
      "/home/visrut/dev/fat_free_crm/app/helpers/admin/fields_helper.rb": {
        "lines": [
          null,
          null,
          null,
          null,
          null,
          null,
          null,
          0,
          null,
          null,
          0,
          null,
          0,
          0,
          0,
          null,
          0,
          0,
          0,
          0
        ],
        "branches": {
        }
      },
      "/home/visrut/dev/fat_free_crm/app/helpers/admin/plugins_helper.rb": {
        "lines": [
          null,
          null,
          null,
          null,
          null,
          null,
          null,
          0,
          0
        ],
        "branches": {
        }
      },
      "/home/visrut/dev/fat_free_crm/app/helpers/admin/settings_helper.rb": {
        "lines": [
          null,
          null,
          null,
          null,
          null,
          null,
          null,
          0,
          0
        ],
        "branches": {
        }
      },
      "/home/visrut/dev/fat_free_crm/app/helpers/admin/tags_helper.rb": {
        "lines": [
          null,
          null,
          null,
          null,
          null,
          null,
          null,
          0,
          0,
          0,
          0,
          0
        ],
        "branches": {
        }
      },
      "/home/visrut/dev/fat_free_crm/app/helpers/admin/users_helper.rb": {
        "lines": [
          null,
          null,
          null,
          null,
          null,
          null,
          null,
          0,
          0,
          0,
          0,
          null,
          null,
          0,
          0,
          0,
          0,
          null,
          null,
          0,
          0,
          0,
          null,
          null,
          null,
          0,
          0,
          0,
          0,
          0,
          0,
          0,
          0,
          0,
          0,
          0,
          0,
          null,
          0,
          null,
          null,
          0,
          0,
          0,
          0,
          0,
          null,
          null,
          0,
          0,
          0,
          0,
          0,
          0,
          0,
          0,
          0,
          null,
          null,
          0,
          0,
          0,
          0,
          0,
          0,
          0,
          0,
          0,
          0,
          0,
          0
        ],
        "branches": {
        }
      },
      "/home/visrut/dev/fat_free_crm/app/helpers/application_helper.rb": {
        "lines": [
          null,
          null,
          null,
          null,
          null,
          null,
          null,
          0,
          0,
          0,
          0,
          0,
          0,
          0,
          0,
          0,
          0,
          null,
          null,
          0,
          0,
          0,
          0,
          null,
          null,
          null,
          0,
[...]
          null,
          null,
          null,
          null,
          null,
          null,
          null,
          0,
          0,
          0,
          0,
          0,
          null,
          0,
          0,
          0,
          0,
          0,
          null,
          0,
          0,
          0,
          0,
          0,
          0,
          0,
          null,
          0
        ],
        "branches": {
        }
      },
      "/home/visrut/dev/fat_free_crm/lib/fat_free_crm/core_ext/alias_method_chain.rb": {
        "lines": [
          null,
          null,
          0,
          0,
          null,
          null,
          0,
          0,
          0,
          null,
          0,
          0,
          null,
          0,
          0,
          null,
          0,
          0,
          0,
          0,
          0,
          0,
          0,
          0,
          0
        ],
        "branches": {
        }
      },
      "/home/visrut/dev/fat_free_crm/lib/fat_free_crm/core_ext/nil.rb": {
        "lines": [
          null,
          null,
          null,
          null,
          null,
          null,
          null,
          0,
          0,
          0,
          0,
          null,
          0,
          0,
          0,
          0
        ],
        "branches": {
        }
      },
      "/home/visrut/dev/fat_free_crm/lib/fat_free_crm/core_ext/string.rb": {
        "lines": [
          null,
          null,
          null,
          null,
          null,
          null,
          null,
          0,
          0,
          null,
          0,
          0,
          0,
          null,
          0,
          0,
          0,
          null,
          0,
          0,
          0,
          null,
          0,
          0,
          0,
          null,
          0,
          0,
          0,
          null,
          0,
          0,
          0,
          null,
          null,
          null,
          0,
          0,
          0,
          null,
          0,
          0,
          null,
          null,
          0,
          0,
          0,
          0,
          0,
          0
        ],
        "branches": {
        }
      },
      "/home/visrut/dev/fat_free_crm/lib/fat_free_crm/core_ext.rb": {
        "lines": [
          null,
          null,
          null,
          null,
          null,
          null,
          null,
          0
        ],
        "branches": {
        }
      },
      "/home/visrut/dev/fat_free_crm/lib/fat_free_crm/custom_fields.rb": {
        "lines": [
          null,
          null,
          null,
          null,
          null,
          null,
          null,
          null,
          null,
          null,
          0,
          0,
          0,
          0
        ],
        "branches": {
        }
      },
      "/home/visrut/dev/fat_free_crm/lib/fat_free_crm/engine.rb": {
        "lines": [
          null,
          null,
          null,
          null,
          null,
          null,
          null,
          0,
          0,
          0,
          0,
          null,
          0,
          0,
          null,
          0,
          0,
          0,
          null,
          0,
          0,
          0,
          0,
          0,
          0,
          0,
          null,
          0,
          0,
          0,
          0,
          0,
          0,
          0
        ],
        "branches": {
        }
      },
      "/home/visrut/dev/fat_free_crm/lib/fat_free_crm/errors.rb": {
        "lines": [
          null,
          null,
          null,
          null,
          null,
          null,
          null,
          0,
          0,
          0,
          null,
          null,
          null,
          null,
          null,
          null,
          null,
          0,
          0,
          0,
          0,
          0,
          null,
          0,
          0,
          0,
          0,
          0,
          0,
          null,
          0
        ],
        "branches": {
        }
      },
      "/home/visrut/dev/fat_free_crm/lib/fat_free_crm/exceptions.rb": {
        "lines": [
          null,
          null,
          null,
          null,
          null,
          null,
          null,
          0,
          0,
          null,
          0,
          0,
          null,
          0,
          0,
          0,
          null,
          0,
          null,
          0,
          0,
          0,
          0,
          0
        ],
        "branches": {
        }
      },
      "/home/visrut/dev/fat_free_crm/lib/fat_free_crm/export_csv.rb": {
        "lines": [
          null,
          null,
          null,
          null,
          null,
          null,
          null,
          0,
          null,
          0,
          0,
          null,
          null,
          null,
          0,
          0,
          null,
          null,
          0,
          0,
          0,
          0,
          0,
          0,
          0,
          0,
          0,
          0,
          0,
          0,
          0,
          0,
          0,
          0,
          0,
          0
        ],
        "branches": {
        }
      },
      "/home/visrut/dev/fat_free_crm/lib/fat_free_crm/exportable.rb": {
        "lines": [
          null,
          null,
          null,
          null,
          null,
          null,
          null,
          0,
          0,
          0,
          0,
          0,
          null,
          0,
          0,
          0,
          0,
          0,
          0,
          0,
          0,
          null,
          0,
          0,
          0,
          0,
          0,
          null,
          0,
          0,
          0,
          0,
          0,
          0,
          0,
          null,
          0,
          0,
          0,
          0,
          0,
          0,
          0,
          0,
          null,
          0,
          0,
          0,
          0,
          null,
          0
        ],
        "branches": {
        }
      },
      "/home/visrut/dev/fat_free_crm/lib/fat_free_crm/fields.rb": {
        "lines": [
          null,
          null,
          null,
          null,
          null,
          null,
          null,
          0,
          0,
          0,
          0,
          0,
          null,
          0,
          0,
          0,
          0,
          0,
          0,
          0,
          0,
          0,
          0,
          null,
          0,
          0,
          null,
          0,
          0,
          0,
          0,
          null,
          0,
          0,
          0,
          null,
          0,
          0,
          0,
          0,
          0,
          null,
          null,
          0,
          0,
          0,
          0,
          0,
          0,
          0,
          0,
          0,
          0,
          null,
          0,
          0,
          0,
          0,
          0,
          null,
          null,
          null,
          0,
          0,
          0,
          null,
          0,
          0,
          null,
          null,
          0,
          0,
          0,
          0,
          null,
          0,
          0,
          null,
          0,
          null,
          0,
          null,
          0,
          null,
          0,
          0,
          0,
          0,
          0,
          0,
          0,
          0,
          null,
          0
        ],
        "branches": {
        }
      },
      "/home/visrut/dev/fat_free_crm/lib/fat_free_crm/gem_dependencies.rb": {
        "lines": [
          null,
          null,
          null,
          null,
          null,
          null,
          null,
          0,
          0,
          0,
          0,
          0,
          0,
          0,
          0,
          0,
          0,
          0,
          0,
          0,
          0,
          0,
          0,
          0,
          0,
          0,
          0,
          0,
          0,
          0,
          0,
          0,
          0,
          0,
          0,
          null,
          null,
          0,
          0,
          0,
          0
        ],
        "branches": {
        }
      },
      "/home/visrut/dev/fat_free_crm/lib/fat_free_crm/gem_ext/action_controller/base.rb": {
        "lines": [
          null,
          null,
          null,
          null,
          null,
          null,
          null,
          0,
          0,
          null,
          null,
          null,
          null,
          0,
          0,
          0,
          0,
          0
        ],
        "branches": {
        }
      },
      "/home/visrut/dev/fat_free_crm/lib/fat_free_crm/gem_ext/active_support/buffered_logger.rb": {
        "lines": [
          null,
          null,
          null,
          null,
          null,
          null,
          null,
          0,
          0,
          0,
          null,
          0,
          0,
          0,
          null,
          0,
          0,
          0,
          0
        ],
        "branches": {
        }
      },
      "/home/visrut/dev/fat_free_crm/lib/fat_free_crm/gem_ext/rails/engine.rb": {
        "lines": [
          null,
          null,
          null,
          null,
          null,
          null,
          null,
          null,
          0,
          0,
          0,
          0,
          0,
          0,
          0,
          0
        ],
        "branches": {
        }
      },
      "/home/visrut/dev/fat_free_crm/lib/fat_free_crm/gem_ext/rake/task.rb": {
        "lines": [
          null,
          null,
          null,
          null,
          null,
          null,
          null,
          0,
          null,
          0,
          0,
          null,
          0,
          0,
          0,
          0,
          0
        ],
        "branches": {
        }
      },
      "/home/visrut/dev/fat_free_crm/lib/fat_free_crm/gem_ext.rb": {
        "lines": [
          null,
          null,
          null,
          null,
          null,
          null,
          null,
          0,
          0,
          0
        ],
        "branches": {
        }
      },
      "/home/visrut/dev/fat_free_crm/lib/fat_free_crm/i18n.rb": {
        "lines": [
          null,
          null,
          null,
          null,
          null,
          null,
          null,
          0,
          null,
          0,
          0,
          null,
          0,
          0,
          0,
          0,
          0,
          0,
          0,
          0,
          0,
          0,
          0,
          null,
          null,
          null,
          null,
          null,
          null,
          0,
          0,
          0,
          null,
          null,
          null,
          null,
          0,
          0,
          0,
          0,
          0,
          null,
          0,
          0
        ],
        "branches": {
        }
      },
      "/home/visrut/dev/fat_free_crm/lib/fat_free_crm/load_settings.rb": {
        "lines": [
          null,
          null,
          null,
          null,
          null,
          null,
          null,
          null,
          null,
          null,
          null,
          null,
          null,
          0,
          0,
          0,
          0,
          0,
          0,
          0
        ],
        "branches": {
        }
      },
      "/home/visrut/dev/fat_free_crm/lib/fat_free_crm/permissions.rb": {
        "lines": [
          null,
          null,
          null,
          null,
          null,
          null,
          null,
          0,
          0,
          0,
          0,
          0,
          null,
          0,
          0,
          0,
          null,
          null,
          null,
          null,
          null,
          null,
          0,
          null,
          0,
          null,
          0,
          0,
          0,
          0,
          0,
          null,
          0,
          null,
          null,
          0,
          0,
          0,
          0,
          0,
          0,
          0,
          0,
          null,
          0,
          0,
          0,
          0,
          0,
          0,
          0,
          null,
          0,
          0,
          0,
          0,
          0,
          null,
          null,
          null,
          0,
          0,
          0,
          0,
          null,
          null,
          null,
          0,
          null,
          0,
          0,
          0,
          0,
          0,
          null,
          0,
          0,
          0,
          0,
          0,
          null,
          null,
          null,
          0,
          0,
          0,
          0,
          0,
          0,
          0,
          null,
          0,
          0,
          0,
          0,
          null,
          0
        ],
        "branches": {
        }
      },
      "/home/visrut/dev/fat_free_crm/lib/fat_free_crm/renderers.rb": {
        "lines": [
          null,
          null,
          null,
          null,
          null,
          null,
          null,
          0,
          0,
          0,
          0,
          0,
          0
        ],
        "branches": {
        }
      },
      "/home/visrut/dev/fat_free_crm/lib/fat_free_crm/secret_token_generator.rb": {
        "lines": [
          null,
          null,
          null,
          null,
          null,
          null,
          null,
          null,
          0,
          null,
          0,
          0,
          0,
          null,
          null,
          null,
          0,
          0,
          0,
          0,
          0,
          null,
          0,
          0,
          null,
          0,
          null,
          0,
          0,
          0,
          null,
          null,
          null,
          0,
          0,
          0,
          null,
          null,
          null,
          0,
          0,
          0,
          0,
          0,
          null,
          0,
          0,
          0,
          null,
          null,
          null,
          null,
          0,
          0,
          0,
          0,
          0,
          0,
          0,
          0,
          0
        ],
        "branches": {
        }
      },
      "/home/visrut/dev/fat_free_crm/lib/fat_free_crm/sortable.rb": {
        "lines": [
          null,
          null,
          null,
          null,
          null,
          null,
          null,
          0,
          0,
          0,
          0,
          0,
          null,
          0,
          null,
          null,
          null,
          null,
          null,
          0,
          0,
          0,
          0,
          null,
          0,
          0,
          0,
          0,
          null,
          null,
          null,
          null,
          null,
          0,
          0,
          0,
          0,
          0,
          0,
          0,
          0,
          0,
          0,
          null,
          0
        ],
        "branches": {
        }
      },
      "/home/visrut/dev/fat_free_crm/lib/fat_free_crm/tabs.rb": {
        "lines": [
          null,
          null,
          null,
          null,
          null,
          null,
          null,
          0,
          0,
          0,
          0,
          null,
          null,
          null,
          0,
          0,
          0,
          0,
          null,
          0,
          0,
          0,
          0,
          0,
          0
        ],
        "branches": {
        }
      },
      "/home/visrut/dev/fat_free_crm/lib/fat_free_crm/version.rb": {
        "lines": [
          null,
          null,
          null,
          null,
          null,
          null,
          null,
          0,
          0,
          0,
          0,
          0,
          0,
          null,
          0,
          0,
          0
        ],
        "branches": {
        }
      },
      "/home/visrut/dev/fat_free_crm/lib/fat_free_crm/view_factory.rb": {
        "lines": [
          null,
          null,
          null,
          null,
          null,
          null,
          null,
          null,
          0,
          null,
          null,
          null,
          null,
          null,
          null,
          null,
          null,
          null,
          0,
          0,
          null,
          0,
          0,
          null,
          null,
          null,
          0,
          null,
          null,
          0,
          0,
          0,
          null,
          null,
          null,
          0,
          0,
          0,
          0,
          0,
          0,
          0,
          0,
          null,
          null,
          null,
          null,
          0,
          0,
          0,
          0,
          0,
          null,
          null,
          null,
          0,
          0,
          0,
          0,
          0,
          0,
          0,
          0,
          0,
          0,
          null,
          null,
          null,
          0,
          0,
          0,
          null,
          0,
          null,
          null,
          null,
          0,
          0,
          0,
          null,
          0,
          0,
          0
        ],
        "branches": {
        }
      },
      "/home/visrut/dev/fat_free_crm/lib/fat_free_crm.rb": {
        "lines": [
          null,
          null,
          null,
          null,
          null,
          null,
          null,
          null,
          0,
          0,
          null,
          null,
          0,
          0,
          0,
          null,
          0,
          null,
          null,
          0,
          0,
          0,
          null,
          0,
          0,
          0,
          0,
          0,
          null,
          null,
          0,
          null,
          0,
          null,
          null,
          0,
          0,
          null,
          0,
          0,
          0,
          0,
          0,
          0,
          0,
          0,
          0,
          0,
          0,
          0,
          0,
          0,
          0,
          0,
          null,
          0,
          0,
          0
        ],
        "branches": {
        }
      },
      "/home/visrut/dev/fat_free_crm/lib/gravatar_image_tag.rb": {
        "lines": [
          null,
          null,
          0,
          0,
          0,
          0,
          null,
          0,
          0,
          0,
          null,
          0,
          0,
          0,
          null,
          0,
          0,
          0,
          null,
          0,
          0,
          0,
          0,
          null,
          0,
          0,
          0,
          null,
          0,
          0,
          0,
          0,
          null,
          0,
          0,
          0,
          0,
          0,
          0,
          0,
          0,
          0,
          0,
          null,
          0,
          0,
          0,
          null,
          0,
          0,
          0,
          null,
          0,
          0,
          null,
          0,
          0,
          0,
          null,
          0
        ],
        "branches": {
        }
      },
      "/home/visrut/dev/fat_free_crm/lib/missing_translation_detector.rb": {
        "lines": [
          null,
          null,
          null,
          0,
          0,
          null,
          null,
          null,
          0,
          0,
          0,
          0,
          0,
          null,
          null,
          null,
          0,
          0,
          0,
          null,
          0,
          0,
          0,
          0,
          0,
          0,
          0,
          0,
          null,
          null,
          0,
          0,
          0,
          null,
          0,
          null,
          0,
          0,
          null,
          0,
          0,
          null,
          0,
          0,
          null,
          0,
          0,
          null,
          0,
          0,
          0,
          0,
          0
        ],
        "branches": {
        }
      }
    },
    "timestamp": 1721127370
  }
}
